f:\user\documents\github\oj_task\game\gametanker\gametanker\debug\vc140.pdb
f:\user\documents\github\oj_task\game\gametanker\gametanker\debug\vc140.idb
f:\user\documents\github\oj_task\game\gametanker\gametanker\debug\controller.obj
f:\user\documents\github\oj_task\game\gametanker\gametanker\debug\main.obj
f:\user\documents\github\oj_task\game\gametanker\gametanker\debug\t_game.obj
f:\user\documents\github\oj_task\game\gametanker\gametanker\debug\t_keyboard.obj
f:\user\documents\github\oj_task\game\gametanker\gametanker\debug\t_map.obj
f:\user\documents\github\oj_task\game\gametanker\gametanker\debug\t_resource.obj
f:\user\documents\github\oj_task\game\gametanker\gametanker\debug\t_spirit.obj
f:\user\documents\github\oj_task\game\gametanker\gametanker\debug\t_tool.obj
f:\user\documents\github\oj_task\game\gametanker\gametanker\debug\view.obj
f:\user\documents\github\oj_task\game\gametanker\gametanker\debug\t_time.obj
f:\user\documents\github\oj_task\game\gametanker\debug\gametanker.ilk
f:\user\documents\github\oj_task\game\gametanker\debug\gametanker.exe
f:\user\documents\github\oj_task\game\gametanker\debug\gametanker.pdb
f:\user\documents\github\oj_task\game\gametanker\gametanker\debug\gametanker.tlog\cl.command.1.tlog
f:\user\documents\github\oj_task\game\gametanker\gametanker\debug\gametanker.tlog\cl.read.1.tlog
f:\user\documents\github\oj_task\game\gametanker\gametanker\debug\gametanker.tlog\cl.write.1.tlog
f:\user\documents\github\oj_task\game\gametanker\gametanker\debug\gametanker.tlog\link.command.1.tlog
f:\user\documents\github\oj_task\game\gametanker\gametanker\debug\gametanker.tlog\link.read.1.tlog
f:\user\documents\github\oj_task\game\gametanker\gametanker\debug\gametanker.tlog\link.write.1.tlog
