生成启动时间为 2016/7/24 星期日 10:24:52。
     1>项目“F:\user\Documents\GitHub\OJ_task\Game\GameTanker\GameTanker\GameTanker.vcxproj”在节点 2 上(Build 个目标)。
     1>ClCompile:
         C:\Program Files (x86)\Microsoft Visual Studio 14.0\VC\bin\CL.exe /c /ZI /nologo /W3 /WX- /Od /Oy- /D WIN32 /D _DEBUG /D _CONSOLE /D _UNICODE /D UNICODE /Gm /EHsc /RTC1 /MDd /GS /fp:precise /Zc:wchar_t /Zc:forScope /Zc:inline /Fo"Debug\\" /Fd"Debug\vc140.pdb" /Gd /TP /analyze- /errorReport:prompt T_Game.cpp T_Iterm.cpp T_Keyboard.cpp T_Map.cpp T_Resource.cpp T_Spirit.cpp T_Time.cpp T_Tool.cpp main.cpp
     1>cl : 命令行 warning D9028: 最小重新生成失败，正在转换为标准生成
         T_Game.cpp
     1>f:\user\documents\github\oj_task\game\gametanker\gametanker\t_game.cpp(235): warning C4018: “<”: 有符号/无符号不匹配
     1>f:\user\documents\github\oj_task\game\gametanker\gametanker\t_game.cpp(250): warning C4018: “<”: 有符号/无符号不匹配
     1>f:\user\documents\github\oj_task\game\gametanker\gametanker\t_game.cpp(251): warning C4018: “<”: 有符号/无符号不匹配
     1>f:\user\documents\github\oj_task\game\gametanker\gametanker\t_game.cpp(260): warning C4018: “<”: 有符号/无符号不匹配
     1>f:\user\documents\github\oj_task\game\gametanker\gametanker\t_game.cpp(261): warning C4018: “<”: 有符号/无符号不匹配
     1>f:\user\documents\github\oj_task\game\gametanker\gametanker\t_game.cpp(278): warning C4018: “<”: 有符号/无符号不匹配
     1>f:\user\documents\github\oj_task\game\gametanker\gametanker\t_game.cpp(420): warning C4018: “<”: 有符号/无符号不匹配
     1>f:\user\documents\github\oj_task\game\gametanker\gametanker\t_game.cpp(422): warning C4018: “<”: 有符号/无符号不匹配
     1>f:\user\documents\github\oj_task\game\gametanker\gametanker\t_game.cpp(427): warning C4018: “<”: 有符号/无符号不匹配
     1>f:\user\documents\github\oj_task\game\gametanker\gametanker\t_game.cpp(429): warning C4018: “<”: 有符号/无符号不匹配
     1>f:\user\documents\github\oj_task\game\gametanker\gametanker\t_game.cpp(471): warning C4838: 从“unsigned int”转换到“int”需要收缩转换
         T_Iterm.cpp
         T_Keyboard.cpp
     1>d:\program files\opencv\build\include\opencv2\flann\logger.h(66): warning C4996: 'fopen': This function or variable may be unsafe. Consider using fopen_s instead. To disable deprecation, use _CRT_SECURE_NO_WARNINGS. See online help for details.
         c:\program files (x86)\windows kits\10\include\10.0.10150.0\ucrt\stdio.h(205): note: 参见“fopen”的声明
         T_Map.cpp
     1>d:\program files\opencv\build\include\opencv2\flann\logger.h(66): warning C4996: 'fopen': This function or variable may be unsafe. Consider using fopen_s instead. To disable deprecation, use _CRT_SECURE_NO_WARNINGS. See online help for details.
         c:\program files (x86)\windows kits\10\include\10.0.10150.0\ucrt\stdio.h(205): note: 参见“fopen”的声明
         T_Resource.cpp
         T_Spirit.cpp
         T_Time.cpp
     1>f:\user\documents\github\oj_task\game\gametanker\gametanker\t_time.cpp(15): warning C4018: “<”: 有符号/无符号不匹配
     1>f:\user\documents\github\oj_task\game\gametanker\gametanker\t_time.cpp(30): warning C4018: “<”: 有符号/无符号不匹配
     1>f:\user\documents\github\oj_task\game\gametanker\gametanker\t_time.cpp(37): warning C4018: “<”: 有符号/无符号不匹配
     1>f:\user\documents\github\oj_task\game\gametanker\gametanker\t_time.cpp(48): warning C4018: “<”: 有符号/无符号不匹配
     1>f:\user\documents\github\oj_task\game\gametanker\gametanker\t_time.cpp(59): warning C4018: “<”: 有符号/无符号不匹配
     1>f:\user\documents\github\oj_task\game\gametanker\gametanker\t_time.cpp(69): warning C4018: “<”: 有符号/无符号不匹配
     1>f:\user\documents\github\oj_task\game\gametanker\gametanker\t_time.cpp(78): warning C4018: “<”: 有符号/无符号不匹配
         T_Tool.cpp
         main.cpp
         正在生成代码...
       Link:
         C:\Program Files (x86)\Microsoft Visual Studio 14.0\VC\bin\link.exe /ERRORREPORT:PROMPT /OUT:"F:\user\Documents\GitHub\OJ_task\Game\GameTanker\Debug\GameTanker.exe" /INCREMENTAL /NOLOGO opencv_calib3d2413d.lib opencv_contrib2413d.lib opencv_core2413d.lib opencv_features2d2413d.lib opencv_flann2413d.lib opencv_gpu2413d.lib opencv_highgui2413d.lib opencv_imgproc2413d.lib opencv_legacy2413d.lib opencv_ml2413d.lib opencv_nonfree2413d.lib opencv_objdetect2413d.lib opencv_ocl2413d.lib opencv_photo2413d.lib opencv_stitching2413d.lib opencv_superres2413d.lib opencv_ts2413d.lib opencv_video2413d.lib opencv_videostab2413d.lib kernel32.lib user32.lib gdi32.lib winspool.lib comdlg32.lib advapi32.lib shell32.lib ole32.lib oleaut32.lib uuid.lib odbc32.lib odbccp32.lib /MANIFEST /MANIFESTUAC:"level='asInvoker' uiAccess='false'" /manifest:embed /Debug /PDB:"F:\user\Documents\GitHub\OJ_task\Game\GameTanker\Debug\GameTanker.pdb" /SUBSYSTEM:CONSOLE /TLBID:1 /DYNAMICBASE /NXCOMPAT /IMPLIB:"F:\user\Documents\GitHub\OJ_task\Game\GameTanker\Debug\GameTanker.lib" /MACHINE:X86 Debug\main.obj
         Debug\T_Game.obj
         Debug\T_Iterm.obj
         Debug\T_Keyboard.obj
         Debug\T_Map.obj
         Debug\T_Resource.obj
         Debug\T_Spirit.obj
         Debug\T_Time.obj
         Debug\T_Tool.obj
         GameTanker.vcxproj -> F:\user\Documents\GitHub\OJ_task\Game\GameTanker\Debug\GameTanker.exe
     1>已完成生成项目“F:\user\Documents\GitHub\OJ_task\Game\GameTanker\GameTanker\GameTanker.vcxproj”(Build 个目标)的操作。

已成功生成。

已用时间 00:00:25.14
